# JRE version: OpenJDK Runtime Environment (8.0_152-b06) (build 1.8.0_152-release-1136-b06)
# Java VM: OpenJDK 64-Bit Server VM (25.152-b06 mixed mode linux-amd64 compressed oops)
Heap:
 PSYoungGen      total 384000K, used 40060K [0x00000000e0000000, 0x00000000fcc80000, 0x0000000100000000)
  eden space 342016K, 0% used [0x00000000e0000000,0x00000000e0000000,0x00000000f4e00000)
  from space 41984K, 95% used [0x00000000fa380000,0x00000000fca9f1c0,0x00000000fcc80000)
  to   space 36352K, 0% used [0x00000000f4e00000,0x00000000f4e00000,0x00000000f7180000)
 ParOldGen       total 147456K, used 92313K [0x00000000a0000000, 0x00000000a9000000, 0x00000000e0000000)
  object space 147456K, 62% used [0x00000000a0000000,0x00000000a5a26410,0x00000000a9000000)
 Metaspace       used 127744K, capacity 132115K, committed 132200K, reserved 1165312K
  class space    used 15627K, capacity 16605K, committed 16640K, reserved 1048576K
GC Heap History (10 events):
Event: 403,501 GC heap after
Heap after GC invocations=19 (full 4):
 PSYoungGen      total 248832K, used 0K [0x00000000e0000000, 0x00000000f6f80000, 0x0000000100000000)
  eden space 225792K, 0% used [0x00000000e0000000,0x00000000e0000000,0x00000000edc80000)
  from space 23040K, 0% used [0x00000000edc80000,0x00000000edc80000,0x00000000ef300000)
  to   space 40448K, 0% used [0x00000000f4800000,0x00000000f4800000,0x00000000f6f80000)
 ParOldGen       total 147456K, used 78174K [0x00000000a0000000, 0x00000000a9000000, 0x00000000e0000000)
  object space 147456K, 53% used [0x00000000a0000000,0x00000000a4c57ae8,0x00000000a9000000)
 Metaspace       used 76833K, capacity 79047K, committed 79320K, reserved 1118208K
  class space    used 9903K, capacity 10455K, committed 10496K, reserved 1048576K
}
Event: 434,021 GC heap before
{Heap before GC invocations=20 (full 4):
 PSYoungGen      total 248832K, used 225618K [0x00000000e0000000, 0x00000000f6f80000, 0x0000000100000000)
  eden space 225792K, 99% used [0x00000000e0000000,0x00000000edc54a40,0x00000000edc80000)
  from space 23040K, 0% used [0x00000000edc80000,0x00000000edc80000,0x00000000ef300000)
  to   space 40448K, 0% used [0x00000000f4800000,0x00000000f4800000,0x00000000f6f80000)
 ParOldGen       total 147456K, used 78174K [0x00000000a0000000, 0x00000000a9000000, 0x00000000e0000000)
  object space 147456K, 53% used [0x00000000a0000000,0x00000000a4c57ae8,0x00000000a9000000)
 Metaspace       used 82991K, capacity 85387K, committed 85720K, reserved 1124352K
  class space    used 10557K, capacity 11165K, committed 11264K, reserved 1048576K
Event: 434,039 GC heap after
Heap after GC invocations=20 (full 4):
 PSYoungGen      total 329728K, used 13727K [0x00000000e0000000, 0x00000000f6a00000, 0x0000000100000000)
  eden space 294912K, 0% used [0x00000000e0000000,0x00000000e0000000,0x00000000f2000000)
  from space 34816K, 39% used [0x00000000f4800000,0x00000000f5567e50,0x00000000f6a00000)
  to   space 37888K, 0% used [0x00000000f2000000,0x00000000f2000000,0x00000000f4500000)
 ParOldGen       total 147456K, used 78182K [0x00000000a0000000, 0x00000000a9000000, 0x00000000e0000000)
  object space 147456K, 53% used [0x00000000a0000000,0x00000000a4c59ae8,0x00000000a9000000)
 Metaspace       used 82991K, capacity 85387K, committed 85720K, reserved 1124352K
  class space    used 10557K, capacity 11165K, committed 11264K, reserved 1048576K
}
Event: 439,080 GC heap before
{Heap before GC invocations=21 (full 4):
 PSYoungGen      total 329728K, used 308639K [0x00000000e0000000, 0x00000000f6a00000, 0x0000000100000000)
  eden space 294912K, 100% used [0x00000000e0000000,0x00000000f2000000,0x00000000f2000000)
  from space 34816K, 39% used [0x00000000f4800000,0x00000000f5567e50,0x00000000f6a00000)
  to   space 37888K, 0% used [0x00000000f2000000,0x00000000f2000000,0x00000000f4500000)
 ParOldGen       total 147456K, used 78182K [0x00000000a0000000, 0x00000000a9000000, 0x00000000e0000000)
  object space 147456K, 53% used [0x00000000a0000000,0x00000000a4c59ae8,0x00000000a9000000)
 Metaspace       used 100116K, capacity 103397K, committed 103512K, reserved 1138688K
  class space    used 12617K, capacity 13366K, committed 13440K, reserved 1048576K
Event: 439,107 GC heap after
Heap after GC invocations=21 (full 4):
 PSYoungGen      total 332800K, used 19467K [0x00000000e0000000, 0x00000000f9e80000, 0x0000000100000000)
  eden space 294912K, 0% used [0x00000000e0000000,0x00000000e0000000,0x00000000f2000000)
  from space 37888K, 51% used [0x00000000f2000000,0x00000000f3302f10,0x00000000f4500000)
  to   space 37376K, 0% used [0x00000000f7a00000,0x00000000f7a00000,0x00000000f9e80000)
 ParOldGen       total 147456K, used 84550K [0x00000000a0000000, 0x00000000a9000000, 0x00000000e0000000)
  object space 147456K, 57% used [0x00000000a0000000,0x00000000a5291928,0x00000000a9000000)
 Metaspace       used 100116K, capacity 103397K, committed 103512K, reserved 1138688K
  class space    used 12617K, capacity 13366K, committed 13440K, reserved 1048576K
}
Event: 538,252 GC heap before
{Heap before GC invocations=22 (full 4):
 PSYoungGen      total 332800K, used 314379K [0x00000000e0000000, 0x00000000f9e80000, 0x0000000100000000)
  eden space 294912K, 100% used [0x00000000e0000000,0x00000000f2000000,0x00000000f2000000)
  from space 37888K, 51% used [0x00000000f2000000,0x00000000f3302f10,0x00000000f4500000)
  to   space 37376K, 0% used [0x00000000f7a00000,0x00000000f7a00000,0x00000000f9e80000)
 ParOldGen       total 147456K, used 84550K [0x00000000a0000000, 0x00000000a9000000, 0x00000000e0000000)
  object space 147456K, 57% used [0x00000000a0000000,0x00000000a5291928,0x00000000a9000000)
 Metaspace       used 106920K, capacity 110493K, committed 110680K, reserved 1146880K
  class space    used 13375K, capacity 14200K, committed 14208K, reserved 1048576K
Event: 538,300 GC heap after
Heap after GC invocations=22 (full 4):
 PSYoungGen      total 369664K, used 17708K [0x00000000e0000000, 0x00000000f9500000, 0x0000000100000000)
  eden space 342016K, 0% used [0x00000000e0000000,0x00000000e0000000,0x00000000f4e00000)
  from space 27648K, 64% used [0x00000000f7a00000,0x00000000f8b4b218,0x00000000f9500000)
  to   space 36352K, 0% used [0x00000000f4e00000,0x00000000f4e00000,0x00000000f7180000)
 ParOldGen       total 147456K, used 84558K [0x00000000a0000000, 0x00000000a9000000, 0x00000000e0000000)
  object space 147456K, 57% used [0x00000000a0000000,0x00000000a5293928,0x00000000a9000000)
 Metaspace       used 106920K, capacity 110493K, committed 110680K, reserved 1146880K
  class space    used 13375K, capacity 14200K, committed 14208K, reserved 1048576K
}
Event: 645,925 GC heap before
{Heap before GC invocations=23 (full 4):
 PSYoungGen      total 369664K, used 359724K [0x00000000e0000000, 0x00000000f9500000, 0x0000000100000000)
  eden space 342016K, 100% used [0x00000000e0000000,0x00000000f4e00000,0x00000000f4e00000)
  from space 27648K, 64% used [0x00000000f7a00000,0x00000000f8b4b218,0x00000000f9500000)
  to   space 36352K, 0% used [0x00000000f4e00000,0x00000000f4e00000,0x00000000f7180000)
 ParOldGen       total 147456K, used 84558K [0x00000000a0000000, 0x00000000a9000000, 0x00000000e0000000)
  object space 147456K, 57% used [0x00000000a0000000,0x00000000a5293928,0x00000000a9000000)
 Metaspace       used 113557K, capacity 117655K, committed 117976K, reserved 1153024K
  class space    used 14090K, capacity 15021K, committed 15104K, reserved 1048576K
Event: 645,974 GC heap after
Heap after GC invocations=23 (full 4):
 PSYoungGen      total 378368K, used 36342K [0x00000000e0000000, 0x00000000fcc80000, 0x0000000100000000)
  eden space 342016K, 0% used [0x00000000e0000000,0x00000000e0000000,0x00000000f4e00000)
  from space 36352K, 99% used [0x00000000f4e00000,0x00000000f717d988,0x00000000f7180000)
  to   space 41984K, 0% used [0x00000000fa380000,0x00000000fa380000,0x00000000fcc80000)
 ParOldGen       total 147456K, used 85238K [0x00000000a0000000, 0x00000000a9000000, 0x00000000e0000000)
  object space 147456K, 57% used [0x00000000a0000000,0x00000000a533d918,0x00000000a9000000)
 Metaspace       used 113557K, capacity 117655K, committed 117976K, reserved 1153024K
  class space    used 14090K, capacity 15021K, committed 15104K, reserved 1048576K
}
Event: 746,742 GC heap before
{Heap before GC invocations=24 (full 4):
 PSYoungGen      total 378368K, used 373884K [0x00000000e0000000, 0x00000000fcc80000, 0x0000000100000000)
  eden space 342016K, 98% used [0x00000000e0000000,0x00000000f49a1970,0x00000000f4e00000)
  from space 36352K, 99% used [0x00000000f4e00000,0x00000000f717d988,0x00000000f7180000)
  to   space 41984K, 0% used [0x00000000fa380000,0x00000000fa380000,0x00000000fcc80000)
 ParOldGen       total 147456K, used 85238K [0x00000000a0000000, 0x00000000a9000000, 0x00000000e0000000)
  object space 147456K, 57% used [0x00000000a0000000,0x00000000a533d918,0x00000000a9000000)
 Metaspace       used 127744K, capacity 132115K, committed 132200K, reserved 1165312K
  class space    used 15627K, capacity 16605K, committed 16640K, reserved 1048576K

